[2017-06-15 17:36:02] app.ALERT: Fatal Error (E_ERROR): Call to undefined function imagettfbbox() {"code":1,"message":"Call to undefined function imagettfbbox()","file":"/Users/yangqihua/Sites/edusoho/vendor/gregwar/captcha/CaptchaBuilder.php","line":327} []
[2017-06-15 17:36:05] app.ALERT: Fatal Error (E_ERROR): Call to undefined function imagettfbbox() {"code":1,"message":"Call to undefined function imagettfbbox()","file":"/Users/yangqihua/Sites/edusoho/vendor/gregwar/captcha/CaptchaBuilder.php","line":327} []
[2017-06-15 17:36:07] app.ALERT: Fatal Error (E_ERROR): Call to undefined function imagettfbbox() {"code":1,"message":"Call to undefined function imagettfbbox()","file":"/Users/yangqihua/Sites/edusoho/vendor/gregwar/captcha/CaptchaBuilder.php","line":327} []
[2017-06-15 17:45:23] app.ALERT: Fatal Error (E_ERROR): Call to undefined function imagettfbbox() {"code":1,"message":"Call to undefined function imagettfbbox()","file":"/Users/yangqihua/Sites/edusoho/vendor/gregwar/captcha/CaptchaBuilder.php","line":327} []
[2017-06-15 17:45:23] app.ALERT: Fatal Error (E_ERROR): Call to undefined function imagettfbbox() {"code":1,"message":"Call to undefined function imagettfbbox()","file":"/Users/yangqihua/Sites/edusoho/vendor/gregwar/captcha/CaptchaBuilder.php","line":327} []
[2017-06-15 18:26:07] app.ALERT: Fatal Error (E_ERROR): Call to undefined function imagettfbbox() {"code":1,"message":"Call to undefined function imagettfbbox()","file":"/Users/yangqihua/Sites/edusoho/vendor/gregwar/captcha/CaptchaBuilder.php","line":327} []
[2017-06-16 11:36:00] app.DEBUG: SELECT * FROM cache WHERE name IN (?); ["settings"] []
[2017-06-16 11:36:00] app.DEBUG: SELECT COUNT(*) FROM cloud_app cloud_app [] []
[2017-06-16 11:36:00] app.DEBUG: SELECT * FROM cloud_app cloud_app ORDER BY installedTime DESC LIMIT 1 OFFSET 0 [] []
[2017-06-16 11:36:02] app.DEBUG: SELECT * FROM user WHERE email = ? LIMIT 1  ["yqh904693433@gmail.com"] []
[2017-06-16 11:36:02] app.DEBUG: SELECT * FROM role WHERE code = ? LIMIT 1  ["ROLE_USER"] []
[2017-06-16 11:36:02] app.DEBUG: SELECT * FROM user WHERE id = ? ["18"] []
[2017-06-16 11:36:02] app.DEBUG: SELECT batchId FROM notification WHERE userId = ? and type = ? GROUP BY batchId ["18","global"] []
[2017-06-16 11:36:02] app.DEBUG: SELECT * FROM batch_notification batch_notification WHERE (published = :published) AND (sendedTime <= :sendedTime_LE) ORDER BY createdTime DESC LIMIT 9223372036854775807 OFFSET 0 {":type":"global",":published":1,":sendedTime_LE":1497584162} []
[2017-06-16 11:36:02] app.DEBUG: SELECT COUNT(*) FROM navigation navigation WHERE (type = :type) AND (isOpen = :isOpen) AND (orgId = :orgId) {":type":"friendlyLink",":isOpen":1,":orgId":"1"} []
[2017-06-16 11:36:02] app.DEBUG: SELECT * FROM theme_config WHERE name = ? LIMIT 1  ["简墨"] []
[2017-06-16 11:36:02] app.DEBUG: SELECT * FROM announcement announcement WHERE (targetType = :targetType) AND (startTime <=:startTime) AND (endTime >=:endTime) ORDER BY createdTime DESC LIMIT 3 OFFSET 0 {":targetType":"global",":startTime":1497583800,":endTime":1497583800} []
[2017-06-16 11:36:02] app.DEBUG: SELECT COUNT(*) FROM navigation navigation WHERE (type = :type) AND (isOpen = :isOpen) AND (orgId = :orgId) {":type":"top",":isOpen":1,":orgId":"1"} []
[2017-06-16 11:36:02] app.DEBUG: SELECT * FROM navigation navigation WHERE (type = :type) AND (isOpen = :isOpen) AND (orgId = :orgId) ORDER BY sequence ASC LIMIT 13 OFFSET 0 {":type":"top",":isOpen":1,":orgId":"1"} []
[2017-06-16 11:36:02] app.DEBUG: SELECT * FROM block WHERE code = ? AND orgId = ? LIMIT 1  ["jianmo:home_top_banner","1"] []
[2017-06-16 11:36:02] app.DEBUG: SELECT * FROM block_template WHERE id = ? ["4"] []
[2017-06-16 11:36:02] app.DEBUG: SELECT * FROM course_set_v8 course_set_v8 WHERE (status = :status) AND (parentId = :parentId) ORDER BY createdTime DESC LIMIT 12 OFFSET 0 {":status":"published",":parentId":0} []
[2017-06-16 11:36:02] app.DEBUG: SELECT * FROM user WHERE id IN (?,?,?,?,?,?,?,?,?,?,?,?); ["1","1","1","1","1","1","1","1","1","1","1","1"] []
[2017-06-16 11:36:02] app.DEBUG: SELECT * FROM user_profile WHERE id IN (?,?,?,?,?,?,?,?,?,?,?,?); ["1","1","1","1","1","1","1","1","1","1","1","1"] []
[2017-06-16 11:36:02] app.DEBUG: SELECT * FROM category WHERE id IN (?,?,?,?); ["4","1","2","3"] []
[2017-06-16 11:36:02] app.DEBUG: SELECT * FROM course_v8 WHERE courseSetId IN (?,?,?,?,?,?,?,?,?,?,?,?); ["19","18","13","14","15","12","11","10","9","8","7","6"] []
[2017-06-16 11:36:02] app.DEBUG: SELECT * FROM category_group WHERE code = ? LIMIT 1 ["course"] []
[2017-06-16 11:36:02] app.DEBUG: SELECT * FROM category WHERE groupId = ? AND parentId = ? ORDER BY weight ASC ["1",0] []
[2017-06-16 11:36:03] app.DEBUG: SELECT * FROM block WHERE code = ? AND orgId = ? LIMIT 1  ["jianmo:middle_banner","1"] []
[2017-06-16 11:36:03] app.DEBUG: SELECT * FROM block_template WHERE id = ? ["5"] []
[2017-06-16 11:36:03] app.DEBUG: SELECT * FROM classroom classroom WHERE (status = :status) AND (recommended = :recommended) AND (showable = :showable) ORDER BY recommendedSeq ASC LIMIT 4 OFFSET 0 {":status":"published",":showable":1,":recommended":1} []
[2017-06-16 11:36:03] app.DEBUG: SELECT * FROM classroom_member WHERE classroomId = ? AND role LIKE ('%|teacher|%') ["4"] []
[2017-06-16 11:36:03] app.DEBUG: SELECT * FROM classroom WHERE id = ? ["4"] []
[2017-06-16 11:36:03] app.DEBUG: SELECT * FROM user WHERE id IN (?); ["1"] []
[2017-06-16 11:36:03] app.DEBUG: SELECT * FROM classroom_member WHERE classroomId = ? AND role LIKE ('%|teacher|%') ["3"] []
[2017-06-16 11:36:03] app.DEBUG: SELECT * FROM classroom WHERE id = ? ["3"] []
[2017-06-16 11:36:03] app.DEBUG: SELECT * FROM user WHERE id IN (?); ["1"] []
[2017-06-16 11:36:03] app.DEBUG: SELECT * FROM classroom_member WHERE classroomId = ? AND role LIKE ('%|teacher|%') ["2"] []
[2017-06-16 11:36:03] app.DEBUG: SELECT * FROM classroom WHERE id = ? ["2"] []
[2017-06-16 11:36:03] app.DEBUG: SELECT * FROM user WHERE id IN (?); ["1"] []
[2017-06-16 11:36:03] app.DEBUG: SELECT * FROM classroom_member WHERE classroomId = ? AND role LIKE ('%|teacher|%') ["1"] []
[2017-06-16 11:36:03] app.DEBUG: SELECT * FROM classroom_member WHERE userId = ? AND classroomId = ? LIMIT 1 ["18","4"] []
[2017-06-16 11:36:03] app.DEBUG: SELECT * FROM classroom_member WHERE userId = ? AND classroomId = ? LIMIT 1 ["18","3"] []
[2017-06-16 11:36:03] app.DEBUG: SELECT * FROM classroom_member WHERE userId = ? AND classroomId = ? LIMIT 1 ["18","2"] []
[2017-06-16 11:36:03] app.DEBUG: SELECT * FROM classroom_member WHERE userId = ? AND classroomId = ? LIMIT 1 ["18","1"] []
[2017-06-16 11:36:03] app.DEBUG: SELECT * FROM groups groups WHERE status = :status ORDER BY memberNum DESC LIMIT 6 OFFSET 0 {":status":"open"} []
[2017-06-16 11:36:03] app.DEBUG: SELECT * FROM course_review course_review WHERE (parentId = :parentId) AND (private = :private) ORDER BY createdTime DESC LIMIT 4 OFFSET 0 {":private":0,":parentId":0} []
[2017-06-16 11:36:03] app.DEBUG: SELECT * FROM article article WHERE (status = :status) AND (featured = :featured) ORDER BY createdTime DESC LIMIT 2 OFFSET 0 {":featured":1,":status":"published"} []
[2017-06-16 11:36:03] app.DEBUG: SELECT * FROM article_category WHERE id IN (?); ["1"] []
[2017-06-16 11:36:03] app.DEBUG: SELECT * FROM article article WHERE status = :status ORDER BY createdTime DESC LIMIT 5 OFFSET 0 {":status":"published"} []
[2017-06-16 11:36:03] app.DEBUG: SELECT * FROM article_category WHERE id IN (?,?,?,?,?); ["1","3","3","3","1"] []
[2017-06-16 11:36:03] app.DEBUG: SELECT * FROM user user WHERE (promoted = :promoted) AND (roles LIKE :roles) AND (locked = :locked) AND (type <> 'system') ORDER BY promoted DESC, promotedSeq ASC, promotedTime DESC, createdTime DESC LIMIT 4 OFFSET 0 {":roles":"%ROLE_TEACHER%",":promoted":"1",":locked":0} []
[2017-06-16 11:36:03] app.DEBUG: SELECT * FROM user_profile WHERE id IN (?,?,?,?); ["6","5","3","2"] []
[2017-06-16 11:36:03] app.DEBUG: SELECT * FROM friend WHERE fromId = ? AND toId IN (?,?,?,?); ["18","6","5","3","2"] []
[2017-06-16 11:36:03] app.DEBUG: SELECT * FROM block WHERE code = ? AND orgId = ? LIMIT 1  ["jianmo:bottom_info","1"] []
[2017-06-16 11:36:03] app.DEBUG: SELECT * FROM block_template WHERE id = ? ["6"] []
[2017-06-16 11:36:03] app.DEBUG: SELECT * FROM course_member WHERE userId = ? AND role =  ? ["18","student"] []
[2017-06-16 11:36:03] app.DEBUG: SELECT * FROM course_task course_task WHERE (courseId IN ( :courseIds_0 )) AND (status =:status) AND (type = :type) AND (endTime > :endTime_GT) ORDER BY startTime ASC LIMIT 2 OFFSET 0 {":status":"published",":type":"live",":endTime_GT":1497584163,":courseIds":["8"],":courseIds_0":"8"} []
[2017-06-16 11:36:04] app.DEBUG: SELECT * FROM cache WHERE name IN (?); ["settings"] []
[2017-06-16 11:36:04] app.DEBUG: SELECT * FROM cache WHERE name IN (?); ["settings"] []
